<?xml version="1.0" encoding="UTF-8"?>
<!-- Generated by org.testng.reporters.JUnitXMLReporter -->
<testsuite hostname="DADAJI" ignored="0" name="Login Test" tests="4" failures="0" timestamp="2023-07-17T15:15:58 BST" time="142.741" errors="0">
  <testcase name="userShouldAddProductSuccessFullyToShoppingCart" time="48.168" classname="com.softwaretestingboard.magento.testsuite.GearTest"/>
  <testcase name="verifyTheSortByPriceFilter" time="19.147" classname="com.softwaretestingboard.magento.testsuite.WomenTest"/>
  <testcase name="verifyTheSortByProductNameFilter" time="19.147" classname="com.softwaretestingboard.magento.testsuite.WomenTest"/>
  <testcase name="userShouldAddProductSuccessFullyToShoppingCart" time="40.424" classname="com.softwaretestingboard.magento.testsuite.MenTest"/>
</testsuite> <!-- Login Test -->
